<?xml version="1.0" encoding="UTF-8"?>
<robot generator="Robot 7.3.2 (Python 3.13.7 on darwin)" generated="2025-10-13T11:12:43.702319" rpa="false" schemaversion="5">
<suite id="s1" name="Robot Learn" source="/Users/visanusanyalak/Desktop/Boss Project/Robot Learn">
<suite id="s1-s1" name="Test" source="/Users/visanusanyalak/Desktop/Boss Project/Robot Learn/test">
<suite id="s1-s1-s1" name="Test" source="/Users/visanusanyalak/Desktop/Boss Project/Robot Learn/test/test.robot">
<kw name="Run Keywords" owner="BuiltIn" type="SETUP">
<kw name="Create Web Driver" owner="common_keywords">
<variable name="&amp;{PAGES}" scope="SUITE">
<msg time="2025-10-13T11:12:44.109751" level="INFO">&amp;{PAGES} = { }</msg>
<status status="PASS" start="2025-10-13T11:12:44.109654" elapsed="0.000148"/>
</variable>
<kw name="New Browser" owner="Browser">
<msg time="2025-10-13T11:12:44.110314" level="INFO">{"browser": "chromium", "headless": false, "args": ["--start-maximized"], "chromiumSandbox": false, "devtools": false, "handleSIGHUP": true, "handleSIGINT": true, "handleSIGTERM": true, "slowMo": 0.0, "timeout": 30000.0, "tracesDir": "/Users/visanusanyalak/Desktop/Boss Project/Robot Learn/results/browser/traces/temp/cf15459a-b0a2-4e5d-9ab5-3248ed7531bd"}</msg>
<msg time="2025-10-13T11:12:45.248349" level="INFO">Starting Browser process /Library/Frameworks/Python.framework/Versions/3.13/lib/python3.13/site-packages/Browser/wrapper/index.js using at 127.0.0.1:59339</msg>
<msg time="2025-10-13T11:12:48.340028" level="INFO">Successfully created browser with options: {"browser":"chromium","headless":false,"args":["--start-maximized"],"chromiumSandbox":false,"devtools":false,"handleSIGHUP":true,"handleSIGINT":true,"handleSIGTERM":true,"slowMo":0,"timeout":30000,"tracesDir":"/Users/visanusanyalak/Desktop/Boss Project/Robot Learn/results/browser/traces/temp/cf15459a-b0a2-4e5d-9ab5-3248ed7531bd"}</msg>
<arg>chromium</arg>
<arg>False</arg>
<arg>args=['--start-maximized']</arg>
<tag>BrowserControl</tag>
<tag>Setter</tag>
<doc>Create a new playwright Browser with specified options.</doc>
<status status="PASS" start="2025-10-13T11:12:44.109883" elapsed="4.230453"/>
</kw>
<kw name="New Context" owner="Browser">
<msg time="2025-10-13T11:12:48.342222" level="INFO">{
  "acceptDownloads": true,
  "bypassCSP": false,
  "forcedColors": "none",
  "ignoreHTTPSErrors": false,
  "javaScriptEnabled": true,
  "offline": false,
  "reducedMotion": "no-preference",
  "serviceWorkers": "allow",
  "viewport": null
}</msg>
<msg time="2025-10-13T11:12:48.349558" level="INFO">Successfully created context. </msg>
<msg time="2025-10-13T11:12:48.349667" level="INFO">{'acceptDownloads': True, 'bypassCSP': False, 'forcedColors': 'none', 'ignoreHTTPSErrors': False, 'javaScriptEnabled': True, 'offline': False, 'reducedMotion': 'no-preference', 'serviceWorkers': 'allow', 'viewport': None}</msg>
<arg>viewport=None</arg>
<tag>BrowserControl</tag>
<tag>Setter</tag>
<doc>Create a new BrowserContext with specified options.</doc>
<status status="PASS" start="2025-10-13T11:12:48.340623" elapsed="0.009113"/>
</kw>
<status status="PASS" start="2025-10-13T11:12:44.109537" elapsed="4.240321"/>
</kw>
<kw name="Open URL" owner="common_keywords">
<kw name="New Page" owner="Browser">
<msg time="2025-10-13T11:12:49.589542" level="INFO">Successfully initialized new page object and opened url: https://www.saucedemo.com</msg>
<arg>${WEB_URL['${url.upper()}']}</arg>
<arg>load</arg>
<tag>BrowserControl</tag>
<tag>Setter</tag>
<doc>Open a new Page.</doc>
<status status="PASS" start="2025-10-13T11:12:48.350315" elapsed="1.239407"/>
</kw>
<kw name="Get Page Ids" owner="Browser">
<msg time="2025-10-13T11:12:49.593826" level="INFO">${page_id} = ['page=d77042c1-bb48-4483-8553-b8f173c45ac4']</msg>
<var>${page_id}</var>
<arg>page=CURRENT</arg>
<tag>BrowserControl</tag>
<tag>Getter</tag>
<doc>Returns a list of page ids based on the context and browser selection.
See `Browser, Context and Page` for more information about Page and related concepts.</doc>
<status status="PASS" start="2025-10-13T11:12:49.589878" elapsed="0.004012"/>
</kw>
<kw name="Set To Dictionary" owner="Collections">
<arg>${PAGES}</arg>
<arg>${url.upper()}=${page_id}</arg>
<doc>Adds the given ``key_value_pairs`` and/or ``items`` to the ``dictionary``.</doc>
<status status="PASS" start="2025-10-13T11:12:49.594009" elapsed="0.000431"/>
</kw>
<arg>sd</arg>
<status status="PASS" start="2025-10-13T11:12:48.350013" elapsed="1.244498"/>
</kw>
<kw name="SET_PRODUCT_LIST" owner="sd_common">
<variable name="@{PRODUCT_LIST}" scope="SUITE">
<msg time="2025-10-13T11:12:49.594856" level="INFO">@{PRODUCT_LIST} = [ ]</msg>
<status status="PASS" start="2025-10-13T11:12:49.594747" elapsed="0.000149"/>
</variable>
<doc>Use to set a list to hold a product details</doc>
<status status="PASS" start="2025-10-13T11:12:49.594630" elapsed="0.000308"/>
</kw>
<arg>common_keywords.Create Web Driver</arg>
<arg>AND</arg>
<arg>common_keywords.Open URL</arg>
<arg>sd</arg>
<arg>AND</arg>
<arg>sd_common.SET_PRODUCT_LIST</arg>
<doc>Executes all the given keywords in a sequence.</doc>
<status status="PASS" start="2025-10-13T11:12:44.109310" elapsed="5.485680"/>
</kw>
<test id="s1-s1-s1-t1" name="TC01 - Login with locked user" line="11">
<kw name="LOGIN_PROCESS" owner="sd_common">
<kw name="Verify Landing Login Page" owner="sd_login_page">
<kw name="Wait For Elements State" owner="Browser">
<msg time="2025-10-13T11:12:49.612208" level="INFO">Waited for Element with selector //div[@class='login_logo'] at state visible</msg>
<arg>${LOGIN_HEADER}</arg>
<tag>PageContent</tag>
<tag>Wait</tag>
<doc>Waits for the element found by ``selector`` to satisfy state option.</doc>
<status status="PASS" start="2025-10-13T11:12:49.599628" elapsed="0.012740"/>
</kw>
<doc>Verify that you are landing in login page.</doc>
<status status="PASS" start="2025-10-13T11:12:49.599491" elapsed="0.012981"/>
</kw>
<kw name="Login" owner="sd_login_page">
<kw name="Fill Text" owner="Browser">
<msg time="2025-10-13T11:12:49.613416" level="INFO">Fills the text 'locked_out_user' in the given field.</msg>
<arg>${USER_INPUT}</arg>
<arg>${ALL_CRED['${user.upper()}']}</arg>
<tag>PageContent</tag>
<tag>Setter</tag>
<doc>Clears and fills the given ``txt`` into the text field found by ``selector``.</doc>
<status status="PASS" start="2025-10-13T11:12:49.612878" elapsed="0.008013"/>
</kw>
<kw name="Fill Secret" owner="Browser">
<arg>${PASS_INPUT}</arg>
<arg>$PASSWORD</arg>
<tag>PageContent</tag>
<tag>Setter</tag>
<doc>Fills the given secret from ``variable_name`` into the
text field found by ``selector``.</doc>
<status status="PASS" start="2025-10-13T11:12:49.621053" elapsed="0.005959"/>
</kw>
<kw name="Wait For Element Then Click" owner="common_keywords">
<kw name="Wait For Elements State" owner="Browser">
<msg time="2025-10-13T11:12:49.653364" level="INFO">Waited for Element with selector id=login-button at state stable</msg>
<arg>selector=${locator}</arg>
<arg>state=${state}</arg>
<arg>timeout=${GLOBAL_WAIT}</arg>
<tag>PageContent</tag>
<tag>Wait</tag>
<doc>Waits for the element found by ``selector`` to satisfy state option.</doc>
<status status="PASS" start="2025-10-13T11:12:49.627437" elapsed="0.026096"/>
</kw>
<kw name="Click" owner="Browser">
<msg time="2025-10-13T11:12:49.654075" level="INFO">Clicks the element 'id=login-button'.</msg>
<arg>selector=${locator}</arg>
<tag>PageContent</tag>
<tag>Setter</tag>
<doc>Simulates mouse click on the element found by ``selector``.</doc>
<status status="PASS" start="2025-10-13T11:12:49.653674" elapsed="0.042855"/>
</kw>
<arg>${LOGIN_BTN}</arg>
<doc>A common keyword use to wait for the element
to be visible, then click.</doc>
<status status="PASS" start="2025-10-13T11:12:49.627209" elapsed="0.069442"/>
</kw>
<arg>${user}</arg>
<doc>Use to login to Sauce Demo website with varius user.</doc>
<status status="PASS" start="2025-10-13T11:12:49.612587" elapsed="0.084117"/>
</kw>
<arg>user=locked</arg>
<status status="PASS" start="2025-10-13T11:12:49.599273" elapsed="0.097474"/>
</kw>
<kw name="Toast Check" owner="common_keywords">
<kw name="Run Keyword And Return Status" owner="BuiltIn">
<kw name="Wait For Elements State" owner="Browser">
<msg time="2025-10-13T11:12:49.699216" level="INFO">Waited for Element with selector //*[@data-test='error'] at state visible</msg>
<arg>${TOAST_BOX}</arg>
<tag>PageContent</tag>
<tag>Wait</tag>
<doc>Waits for the element found by ``selector`` to satisfy state option.</doc>
<status status="PASS" start="2025-10-13T11:12:49.697262" elapsed="0.002040"/>
</kw>
<msg time="2025-10-13T11:12:49.699377" level="INFO">${is_visible} = True</msg>
<var>${is_visible}</var>
<arg>Browser.Wait For Elements State</arg>
<arg>${TOAST_BOX}</arg>
<doc>Runs the given keyword with given arguments and returns the status as a Boolean value.</doc>
<status status="PASS" start="2025-10-13T11:12:49.697146" elapsed="0.002260"/>
</kw>
<if>
<branch type="IF" condition="${is_visible}">
<kw name="Log" owner="BuiltIn">
<msg time="2025-10-13T11:12:49.699669" level="INFO">Toast found.</msg>
<arg>Toast found.</arg>
<doc>Logs the given message with the given level.</doc>
<status status="PASS" start="2025-10-13T11:12:49.699585" elapsed="0.000120"/>
</kw>
<kw name="Get Text" owner="Browser">
<msg time="2025-10-13T11:12:49.705603" level="INFO">Text: 'Epic sadface: Sorry, this user has been locked out.'</msg>
<msg time="2025-10-13T11:12:49.705750" level="INFO">${toast_msg} = Epic sadface: Sorry, this user has been locked out.</msg>
<var>${toast_msg}</var>
<arg>${TOAST_BOX}</arg>
<arg>contains</arg>
<arg>${text_verify}</arg>
<tag>Assertion</tag>
<tag>Getter</tag>
<tag>PageContent</tag>
<doc>Returns text attribute of the element found by ``selector``.</doc>
<status status="PASS" start="2025-10-13T11:12:49.699772" elapsed="0.006052"/>
</kw>
<kw name="Log" owner="BuiltIn">
<msg time="2025-10-13T11:12:49.706118" level="INFO">Epic sadface: Sorry, this user has been locked out.</msg>
<arg>${toast_msg}</arg>
<doc>Logs the given message with the given level.</doc>
<status status="PASS" start="2025-10-13T11:12:49.705960" elapsed="0.000199"/>
</kw>
<kw name="Click" owner="Browser">
<msg time="2025-10-13T11:12:49.706518" level="INFO">Clicks the element '//*[@data-test='error']/button'.</msg>
<arg>${TOAST_BOX}/button</arg>
<tag>PageContent</tag>
<tag>Setter</tag>
<doc>Simulates mouse click on the element found by ``selector``.</doc>
<status status="PASS" start="2025-10-13T11:12:49.706231" elapsed="0.032961"/>
</kw>
<status status="PASS" start="2025-10-13T11:12:49.699477" elapsed="0.039824"/>
</branch>
<status status="PASS" start="2025-10-13T11:12:49.699462" elapsed="0.039880"/>
</if>
<arg>text_verify=locked</arg>
<doc>Check that toast is visible or not,
then return the text of it for later validate.</doc>
<status status="PASS" start="2025-10-13T11:12:49.696920" elapsed="0.042456"/>
</kw>
<kw name="Log" owner="BuiltIn">
<msg time="2025-10-13T11:12:49.739917" level="INFO">SD Page ID : ['page=d77042c1-bb48-4483-8553-b8f173c45ac4']</msg>
<arg>SD Page ID : ${PAGES['SD']}</arg>
<doc>Logs the given message with the given level.</doc>
<status status="PASS" start="2025-10-13T11:12:49.739518" elapsed="0.000463"/>
</kw>
<kw name="Sleep" owner="BuiltIn">
<msg time="2025-10-13T11:12:54.742637" level="INFO">Slept 5 seconds.</msg>
<arg>5</arg>
<doc>Pauses the test executed for the given time.</doc>
<status status="PASS" start="2025-10-13T11:12:49.740158" elapsed="5.003101"/>
</kw>
<status status="PASS" start="2025-10-13T11:12:49.595071" elapsed="5.149267"/>
</test>
<test id="s1-s1-s1-t2" name="TC02 - Login with normal user" line="17">
<kw name="LOGIN_PROCESS" owner="sd_common">
<kw name="Verify Landing Login Page" owner="sd_login_page">
<kw name="Wait For Elements State" owner="Browser">
<msg time="2025-10-13T11:12:54.767445" level="INFO">Waited for Element with selector //div[@class='login_logo'] at state visible</msg>
<arg>${LOGIN_HEADER}</arg>
<tag>PageContent</tag>
<tag>Wait</tag>
<doc>Waits for the element found by ``selector`` to satisfy state option.</doc>
<status status="PASS" start="2025-10-13T11:12:54.764289" elapsed="0.003297"/>
</kw>
<doc>Verify that you are landing in login page.</doc>
<status status="PASS" start="2025-10-13T11:12:54.764016" elapsed="0.003678"/>
</kw>
<kw name="Login" owner="sd_login_page">
<kw name="Fill Text" owner="Browser">
<msg time="2025-10-13T11:12:54.768939" level="INFO">Fills the text 'standard_user' in the given field.</msg>
<arg>${USER_INPUT}</arg>
<arg>${ALL_CRED['${user.upper()}']}</arg>
<tag>PageContent</tag>
<tag>Setter</tag>
<doc>Clears and fills the given ``txt`` into the text field found by ``selector``.</doc>
<status status="PASS" start="2025-10-13T11:12:54.768170" elapsed="0.006102"/>
</kw>
<kw name="Fill Secret" owner="Browser">
<arg>${PASS_INPUT}</arg>
<arg>$PASSWORD</arg>
<tag>PageContent</tag>
<tag>Setter</tag>
<doc>Fills the given secret from ``variable_name`` into the
text field found by ``selector``.</doc>
<status status="PASS" start="2025-10-13T11:12:54.774547" elapsed="0.004448"/>
</kw>
<kw name="Wait For Element Then Click" owner="common_keywords">
<kw name="Wait For Elements State" owner="Browser">
<msg time="2025-10-13T11:12:54.803128" level="INFO">Waited for Element with selector id=login-button at state stable</msg>
<arg>selector=${locator}</arg>
<arg>state=${state}</arg>
<arg>timeout=${GLOBAL_WAIT}</arg>
<tag>PageContent</tag>
<tag>Wait</tag>
<doc>Waits for the element found by ``selector`` to satisfy state option.</doc>
<status status="PASS" start="2025-10-13T11:12:54.779507" elapsed="0.023805"/>
</kw>
<kw name="Click" owner="Browser">
<msg time="2025-10-13T11:12:54.803926" level="INFO">Clicks the element 'id=login-button'.</msg>
<arg>selector=${locator}</arg>
<tag>PageContent</tag>
<tag>Setter</tag>
<doc>Simulates mouse click on the element found by ``selector``.</doc>
<status status="PASS" start="2025-10-13T11:12:54.803475" elapsed="0.085073"/>
</kw>
<arg>${LOGIN_BTN}</arg>
<doc>A common keyword use to wait for the element
to be visible, then click.</doc>
<status status="PASS" start="2025-10-13T11:12:54.779214" elapsed="0.109499"/>
</kw>
<arg>${user}</arg>
<doc>Use to login to Sauce Demo website with varius user.</doc>
<status status="PASS" start="2025-10-13T11:12:54.767831" elapsed="0.120936"/>
</kw>
<status status="PASS" start="2025-10-13T11:12:54.763603" elapsed="0.125205"/>
</kw>
<kw name="Sleep" owner="BuiltIn">
<msg time="2025-10-13T11:12:59.891373" level="INFO">Slept 5 seconds.</msg>
<arg>5</arg>
<doc>Pauses the test executed for the given time.</doc>
<status status="PASS" start="2025-10-13T11:12:54.888935" elapsed="5.003096"/>
</kw>
<status status="PASS" start="2025-10-13T11:12:54.758172" elapsed="5.134985"/>
</test>
<test id="s1-s1-s1-t3" name="TC03 - Added item to collection" line="21">
<kw name="ADDED_PRODUCT" owner="sd_common">
<kw name="Verify Landing Product Page" owner="sd_product_page">
<kw name="Wait For Elements State" owner="Browser">
<msg time="2025-10-13T11:12:59.919362" level="INFO">Waited for Element with selector //span[text()='Products'] at state visible</msg>
<arg>${PRODUCT_HEADER}</arg>
<tag>PageContent</tag>
<tag>Wait</tag>
<doc>Waits for the element found by ``selector`` to satisfy state option.</doc>
<status status="PASS" start="2025-10-13T11:12:59.915689" elapsed="0.003859"/>
</kw>
<doc>Verify that you are landing in product page.</doc>
<status status="PASS" start="2025-10-13T11:12:59.915388" elapsed="0.004294"/>
</kw>
<kw name="Select Product And Append To List" owner="sd_product_page">
<for flavor="IN">
<iter>
<kw name="Replace String" owner="String">
<msg time="2025-10-13T11:12:59.921170" level="INFO">${item_box} = //div[@class='inventory_item' and .//div[@class='inventory_item_name ' and contains(text(),'Bike Light')]]</msg>
<var>${item_box}</var>
<arg>${PRODUCT_ITEMS['box']}</arg>
<arg>{{item_name}}</arg>
<arg>${item}</arg>
<doc>Replaces ``search_for`` in the given ``string`` with ``replace_with``.</doc>
<status status="PASS" start="2025-10-13T11:12:59.920644" elapsed="0.000599"/>
</kw>
<kw name="Wait For Element Then Click" owner="common_keywords">
<kw name="Wait For Elements State" owner="Browser">
<msg time="2025-10-13T11:12:59.953236" level="INFO">Waited for Element with selector //div[@class='inventory_item' and .//div[@class='inventory_item_name ' and contains(text(),'Bike Light')]]//button at state stable</msg>
<arg>selector=${locator}</arg>
<arg>state=${state}</arg>
<arg>timeout=${GLOBAL_WAIT}</arg>
<tag>PageContent</tag>
<tag>Wait</tag>
<doc>Waits for the element found by ``selector`` to satisfy state option.</doc>
<status status="PASS" start="2025-10-13T11:12:59.921897" elapsed="0.031641"/>
</kw>
<kw name="Click" owner="Browser">
<msg time="2025-10-13T11:12:59.954301" level="INFO">Clicks the element '//div[@class='inventory_item' and .//div[@class='inventory_item_name ' and contains(text(),'Bike Light')]]//button'.</msg>
<arg>selector=${locator}</arg>
<tag>PageContent</tag>
<tag>Setter</tag>
<doc>Simulates mouse click on the element found by ``selector``.</doc>
<status status="PASS" start="2025-10-13T11:12:59.953759" elapsed="0.037944"/>
</kw>
<arg>${item_box}${PRODUCT_ITEMS['add']}</arg>
<doc>A common keyword use to wait for the element
to be visible, then click.</doc>
<status status="PASS" start="2025-10-13T11:12:59.921393" elapsed="0.070550"/>
</kw>
<kw name="Get Text" owner="Browser">
<msg time="2025-10-13T11:12:59.999757" level="INFO">Text: 'Sauce Labs Bike Light'</msg>
<msg time="2025-10-13T11:12:59.999950" level="INFO">${name} = Sauce Labs Bike Light</msg>
<var>${name}</var>
<arg>${item_box}${PRODUCT_ITEMS['name']}</arg>
<tag>Assertion</tag>
<tag>Getter</tag>
<tag>PageContent</tag>
<doc>Returns text attribute of the element found by ``selector``.</doc>
<status status="PASS" start="2025-10-13T11:12:59.992149" elapsed="0.007857"/>
</kw>
<kw name="Get Text" owner="Browser">
<msg time="2025-10-13T11:13:00.007326" level="INFO">Text: "A red light isn't the desired state in testing but it sure helps when riding your bike at night. Water-resistant with 3 lighting modes, 1 AAA battery included."</msg>
<msg time="2025-10-13T11:13:00.007530" level="INFO">${desc} = A red light isn't the desired state in testing but it sure helps when riding your bike at night. Water-resistant with 3 lighting modes, 1 AAA battery included.</msg>
<var>${desc}</var>
<arg>${item_box}${PRODUCT_ITEMS['desc']}</arg>
<tag>Assertion</tag>
<tag>Getter</tag>
<tag>PageContent</tag>
<doc>Returns text attribute of the element found by ``selector``.</doc>
<status status="PASS" start="2025-10-13T11:13:00.000185" elapsed="0.007400"/>
</kw>
<kw name="Get Text" owner="Browser">
<msg time="2025-10-13T11:13:00.013753" level="INFO">Text: '$9.99'</msg>
<msg time="2025-10-13T11:13:00.013908" level="INFO">${price} = $9.99</msg>
<var>${price}</var>
<arg>${item_box}${PRODUCT_ITEMS['price']}</arg>
<tag>Assertion</tag>
<tag>Getter</tag>
<tag>PageContent</tag>
<doc>Returns text attribute of the element found by ``selector``.</doc>
<status status="PASS" start="2025-10-13T11:13:00.007774" elapsed="0.006177"/>
</kw>
<kw name="Create Dictionary" owner="BuiltIn">
<msg time="2025-10-13T11:13:00.014499" level="INFO">&amp;{item_details} = { name=Sauce Labs Bike Light | desc=A red light isn't the desired state in testing but it sure helps when riding your bike at night. Water-resistant with 3 lighting modes, 1 AAA battery included. | pr...</msg>
<var>&amp;{item_details}</var>
<arg>name=${name}</arg>
<arg>desc=${desc}</arg>
<arg>price=${price}</arg>
<doc>Creates and returns a dictionary based on the given ``items``.</doc>
<status status="PASS" start="2025-10-13T11:13:00.014134" elapsed="0.000414"/>
</kw>
<kw name="Append To List" owner="Collections">
<arg>${PRODUCT_LIST}</arg>
<arg>${item_details}</arg>
<doc>Adds ``values`` to the end of ``list``.</doc>
<status status="PASS" start="2025-10-13T11:13:00.014687" elapsed="0.000283"/>
</kw>
<var name="${item}">Bike Light</var>
<status status="PASS" start="2025-10-13T11:12:59.920470" elapsed="0.094646"/>
</iter>
<iter>
<kw name="Replace String" owner="String">
<msg time="2025-10-13T11:13:00.016036" level="INFO">${item_box} = //div[@class='inventory_item' and .//div[@class='inventory_item_name ' and contains(text(),'Backpack')]]</msg>
<var>${item_box}</var>
<arg>${PRODUCT_ITEMS['box']}</arg>
<arg>{{item_name}}</arg>
<arg>${item}</arg>
<doc>Replaces ``search_for`` in the given ``string`` with ``replace_with``.</doc>
<status status="PASS" start="2025-10-13T11:13:00.015520" elapsed="0.000578"/>
</kw>
<kw name="Wait For Element Then Click" owner="common_keywords">
<kw name="Wait For Elements State" owner="Browser">
<msg time="2025-10-13T11:13:00.036468" level="INFO">Waited for Element with selector //div[@class='inventory_item' and .//div[@class='inventory_item_name ' and contains(text(),'Backpack')]]//button at state stable</msg>
<arg>selector=${locator}</arg>
<arg>state=${state}</arg>
<arg>timeout=${GLOBAL_WAIT}</arg>
<tag>PageContent</tag>
<tag>Wait</tag>
<doc>Waits for the element found by ``selector`` to satisfy state option.</doc>
<status status="PASS" start="2025-10-13T11:13:00.016643" elapsed="0.019978"/>
</kw>
<kw name="Click" owner="Browser">
<msg time="2025-10-13T11:13:00.037152" level="INFO">Clicks the element '//div[@class='inventory_item' and .//div[@class='inventory_item_name ' and contains(text(),'Backpack')]]//button'.</msg>
<arg>selector=${locator}</arg>
<tag>PageContent</tag>
<tag>Setter</tag>
<doc>Simulates mouse click on the element found by ``selector``.</doc>
<status status="PASS" start="2025-10-13T11:13:00.036767" elapsed="0.035919"/>
</kw>
<arg>${item_box}${PRODUCT_ITEMS['add']}</arg>
<doc>A common keyword use to wait for the element
to be visible, then click.</doc>
<status status="PASS" start="2025-10-13T11:13:00.016233" elapsed="0.056585"/>
</kw>
<kw name="Get Text" owner="Browser">
<msg time="2025-10-13T11:13:00.078097" level="INFO">Text: 'Sauce Labs Backpack'</msg>
<msg time="2025-10-13T11:13:00.078250" level="INFO">${name} = Sauce Labs Backpack</msg>
<var>${name}</var>
<arg>${item_box}${PRODUCT_ITEMS['name']}</arg>
<tag>Assertion</tag>
<tag>Getter</tag>
<tag>PageContent</tag>
<doc>Returns text attribute of the element found by ``selector``.</doc>
<status status="PASS" start="2025-10-13T11:13:00.072946" elapsed="0.005354"/>
</kw>
<kw name="Get Text" owner="Browser">
<msg time="2025-10-13T11:13:00.082847" level="INFO">Text: 'carry.allTheThings() with the sleek, streamlined Sly Pack that melds uncompromising style with unequaled laptop and tablet protection.'</msg>
<msg time="2025-10-13T11:13:00.082957" level="INFO">${desc} = carry.allTheThings() with the sleek, streamlined Sly Pack that melds uncompromising style with unequaled laptop and tablet protection.</msg>
<var>${desc}</var>
<arg>${item_box}${PRODUCT_ITEMS['desc']}</arg>
<tag>Assertion</tag>
<tag>Getter</tag>
<tag>PageContent</tag>
<doc>Returns text attribute of the element found by ``selector``.</doc>
<status status="PASS" start="2025-10-13T11:13:00.078446" elapsed="0.004552"/>
</kw>
<kw name="Get Text" owner="Browser">
<msg time="2025-10-13T11:13:00.087363" level="INFO">Text: '$29.99'</msg>
<msg time="2025-10-13T11:13:00.087491" level="INFO">${price} = $29.99</msg>
<var>${price}</var>
<arg>${item_box}${PRODUCT_ITEMS['price']}</arg>
<tag>Assertion</tag>
<tag>Getter</tag>
<tag>PageContent</tag>
<doc>Returns text attribute of the element found by ``selector``.</doc>
<status status="PASS" start="2025-10-13T11:13:00.083127" elapsed="0.004404"/>
</kw>
<kw name="Create Dictionary" owner="BuiltIn">
<msg time="2025-10-13T11:13:00.088098" level="INFO">&amp;{item_details} = { name=Sauce Labs Backpack | desc=carry.allTheThings() with the sleek, streamlined Sly Pack that melds uncompromising style with unequaled laptop and tablet protection. | price=$29.99 }</msg>
<var>&amp;{item_details}</var>
<arg>name=${name}</arg>
<arg>desc=${desc}</arg>
<arg>price=${price}</arg>
<doc>Creates and returns a dictionary based on the given ``items``.</doc>
<status status="PASS" start="2025-10-13T11:13:00.087691" elapsed="0.000462"/>
</kw>
<kw name="Append To List" owner="Collections">
<arg>${PRODUCT_LIST}</arg>
<arg>${item_details}</arg>
<doc>Adds ``values`` to the end of ``list``.</doc>
<status status="PASS" start="2025-10-13T11:13:00.088298" elapsed="0.000277"/>
</kw>
<var name="${item}">Backpack</var>
<status status="PASS" start="2025-10-13T11:13:00.015277" elapsed="0.073362"/>
</iter>
<iter>
<kw name="Replace String" owner="String">
<msg time="2025-10-13T11:13:00.089249" level="INFO">${item_box} = //div[@class='inventory_item' and .//div[@class='inventory_item_name ' and contains(text(),'Fleece Jacket')]]</msg>
<var>${item_box}</var>
<arg>${PRODUCT_ITEMS['box']}</arg>
<arg>{{item_name}}</arg>
<arg>${item}</arg>
<doc>Replaces ``search_for`` in the given ``string`` with ``replace_with``.</doc>
<status status="PASS" start="2025-10-13T11:13:00.088869" elapsed="0.000519"/>
</kw>
<kw name="Wait For Element Then Click" owner="common_keywords">
<kw name="Wait For Elements State" owner="Browser">
<msg time="2025-10-13T11:13:00.119983" level="INFO">Waited for Element with selector //div[@class='inventory_item' and .//div[@class='inventory_item_name ' and contains(text(),'Fleece Jacket')]]//button at state stable</msg>
<arg>selector=${locator}</arg>
<arg>state=${state}</arg>
<arg>timeout=${GLOBAL_WAIT}</arg>
<tag>PageContent</tag>
<tag>Wait</tag>
<doc>Waits for the element found by ``selector`` to satisfy state option.</doc>
<status status="PASS" start="2025-10-13T11:13:00.089936" elapsed="0.030201"/>
</kw>
<kw name="Click" owner="Browser">
<msg time="2025-10-13T11:13:00.120717" level="INFO">Clicks the element '//div[@class='inventory_item' and .//div[@class='inventory_item_name ' and contains(text(),'Fleece Jacket')]]//button'.</msg>
<arg>selector=${locator}</arg>
<tag>PageContent</tag>
<tag>Setter</tag>
<doc>Simulates mouse click on the element found by ``selector``.</doc>
<status status="PASS" start="2025-10-13T11:13:00.120280" elapsed="0.035672"/>
</kw>
<arg>${item_box}${PRODUCT_ITEMS['add']}</arg>
<doc>A common keyword use to wait for the element
to be visible, then click.</doc>
<status status="PASS" start="2025-10-13T11:13:00.089513" elapsed="0.066571"/>
</kw>
<kw name="Get Text" owner="Browser">
<msg time="2025-10-13T11:13:00.161369" level="INFO">Text: 'Sauce Labs Fleece Jacket'</msg>
<msg time="2025-10-13T11:13:00.161505" level="INFO">${name} = Sauce Labs Fleece Jacket</msg>
<var>${name}</var>
<arg>${item_box}${PRODUCT_ITEMS['name']}</arg>
<tag>Assertion</tag>
<tag>Getter</tag>
<tag>PageContent</tag>
<doc>Returns text attribute of the element found by ``selector``.</doc>
<status status="PASS" start="2025-10-13T11:13:00.156213" elapsed="0.005340"/>
</kw>
<kw name="Get Text" owner="Browser">
<msg time="2025-10-13T11:13:00.166352" level="INFO">Text: "It's not every day that you come across a midweight quarter-zip fleece jacket capable of handling everything from a relaxing day outdoors to a busy day at the office."</msg>
<msg time="2025-10-13T11:13:00.166486" level="INFO">${desc} = It's not every day that you come across a midweight quarter-zip fleece jacket capable of handling everything from a relaxing day outdoors to a busy day at the office.</msg>
<var>${desc}</var>
<arg>${item_box}${PRODUCT_ITEMS['desc']}</arg>
<tag>Assertion</tag>
<tag>Getter</tag>
<tag>PageContent</tag>
<doc>Returns text attribute of the element found by ``selector``.</doc>
<status status="PASS" start="2025-10-13T11:13:00.161693" elapsed="0.004843"/>
</kw>
<kw name="Get Text" owner="Browser">
<msg time="2025-10-13T11:13:00.170827" level="INFO">Text: '$49.99'</msg>
<msg time="2025-10-13T11:13:00.171112" level="INFO">${price} = $49.99</msg>
<var>${price}</var>
<arg>${item_box}${PRODUCT_ITEMS['price']}</arg>
<tag>Assertion</tag>
<tag>Getter</tag>
<tag>PageContent</tag>
<doc>Returns text attribute of the element found by ``selector``.</doc>
<status status="PASS" start="2025-10-13T11:13:00.166677" elapsed="0.004698"/>
</kw>
<kw name="Create Dictionary" owner="BuiltIn">
<msg time="2025-10-13T11:13:00.172005" level="INFO">&amp;{item_details} = { name=Sauce Labs Fleece Jacket | desc=It's not every day that you come across a midweight quarter-zip fleece jacket capable of handling everything from a relaxing day outdoors to a busy day at the of...</msg>
<var>&amp;{item_details}</var>
<arg>name=${name}</arg>
<arg>desc=${desc}</arg>
<arg>price=${price}</arg>
<doc>Creates and returns a dictionary based on the given ``items``.</doc>
<status status="PASS" start="2025-10-13T11:13:00.171563" elapsed="0.000502"/>
</kw>
<kw name="Append To List" owner="Collections">
<arg>${PRODUCT_LIST}</arg>
<arg>${item_details}</arg>
<doc>Adds ``values`` to the end of ``list``.</doc>
<status status="PASS" start="2025-10-13T11:13:00.172176" elapsed="0.000155"/>
</kw>
<var name="${item}">Fleece Jacket</var>
<status status="PASS" start="2025-10-13T11:13:00.088757" elapsed="0.083638"/>
</iter>
<var>${item}</var>
<value>@{items}</value>
<status status="PASS" start="2025-10-13T11:12:59.920261" elapsed="0.252178"/>
</for>
<arg>@{product_name}</arg>
<doc>Select an item or items then append it dict to product list.</doc>
<status status="PASS" start="2025-10-13T11:12:59.919893" elapsed="0.252613"/>
</kw>
<kw name="Log Many" owner="BuiltIn">
<msg time="2025-10-13T11:13:00.172723" level="INFO">[{'name': 'Sauce Labs Bike Light', 'desc': "A red light isn't the desired state in testing but it sure helps when riding your bike at night. Water-resistant with 3 lighting modes, 1 AAA battery included.", 'price': '$9.99'}, {'name': 'Sauce Labs Backpack', 'desc': 'carry.allTheThings() with the sleek, streamlined Sly Pack that melds uncompromising style with unequaled laptop and tablet protection.', 'price': '$29.99'}, {'name': 'Sauce Labs Fleece Jacket', 'desc': "It's not every day that you come across a midweight quarter-zip fleece jacket capable of handling everything from a relaxing day outdoors to a busy day at the office.", 'price': '$49.99'}]</msg>
<arg>${PRODUCT_LIST}</arg>
<doc>Logs the given messages as separate entries using the INFO level.</doc>
<status status="PASS" start="2025-10-13T11:13:00.172592" elapsed="0.000198"/>
</kw>
<arg>Bike Light</arg>
<arg>Backpack</arg>
<arg>Fleece Jacket</arg>
<status status="PASS" start="2025-10-13T11:12:59.914851" elapsed="0.258000"/>
</kw>
<kw name="ITEMS_COUNT" owner="sd_common">
<kw name="Get Length" owner="BuiltIn">
<msg time="2025-10-13T11:13:00.173443" level="INFO">Length is 3.</msg>
<msg time="2025-10-13T11:13:00.173510" level="INFO">${item_count} = 3</msg>
<var>${item_count}</var>
<arg>${PRODUCT_LIST}</arg>
<doc>Returns and logs the length of the given item as an integer.</doc>
<status status="PASS" start="2025-10-13T11:13:00.173321" elapsed="0.000222"/>
</kw>
<kw name="Log" owner="BuiltIn">
<msg time="2025-10-13T11:13:00.173751" level="INFO">3</msg>
<arg>${item_count}</arg>
<doc>Logs the given message with the given level.</doc>
<status status="PASS" start="2025-10-13T11:13:00.173637" elapsed="0.000158"/>
</kw>
<return>
<value>${item_count}</value>
<status status="PASS" start="2025-10-13T11:13:00.173858" elapsed="0.000081"/>
</return>
<doc>Use to count the items in PRODUCT_LIST.</doc>
<status status="PASS" start="2025-10-13T11:13:00.173056" elapsed="0.000955"/>
</kw>
<status status="PASS" start="2025-10-13T11:12:59.907575" elapsed="0.266542"/>
</test>
<test id="s1-s1-s1-t4" name="TC04 - Remove item from collection" line="25">
<kw name="REMOVE_PRODUCT" owner="sd_common">
<kw name="Verify Landing Product Page" owner="sd_product_page">
<kw name="Wait For Elements State" owner="Browser">
<msg time="2025-10-13T11:13:00.183485" level="INFO">Waited for Element with selector //span[text()='Products'] at state visible</msg>
<arg>${PRODUCT_HEADER}</arg>
<tag>PageContent</tag>
<tag>Wait</tag>
<doc>Waits for the element found by ``selector`` to satisfy state option.</doc>
<status status="PASS" start="2025-10-13T11:13:00.181723" elapsed="0.001858"/>
</kw>
<doc>Verify that you are landing in product page.</doc>
<status status="PASS" start="2025-10-13T11:13:00.181566" elapsed="0.002084"/>
</kw>
<kw name="Remove Items" owner="sd_product_page">
<for flavor="IN">
<iter>
<kw name="Set Variable" owner="BuiltIn">
<msg time="2025-10-13T11:13:00.184631" level="INFO">${INDEX_TO_REMOVE} = -1</msg>
<var>${INDEX_TO_REMOVE}</var>
<arg>${-1}</arg>
<doc>Returns the given values which can then be assigned to a variables.</doc>
<status status="PASS" start="2025-10-13T11:13:00.184374" elapsed="0.000301"/>
</kw>
<kw name="Replace String" owner="String">
<msg time="2025-10-13T11:13:00.185057" level="INFO">${item_box} = //div[@class='inventory_item' and .//div[@class='inventory_item_name ' and contains(text(),'Backpack')]]</msg>
<var>${item_box}</var>
<arg>${PRODUCT_ITEMS['box']}</arg>
<arg>{{item_name}}</arg>
<arg>${item}</arg>
<doc>Replaces ``search_for`` in the given ``string`` with ``replace_with``.</doc>
<status status="PASS" start="2025-10-13T11:13:00.184762" elapsed="0.000332"/>
</kw>
<kw name="Wait For Element Then Click" owner="common_keywords">
<kw name="Wait For Elements State" owner="Browser">
<msg time="2025-10-13T11:13:00.203187" level="INFO">Waited for Element with selector //div[@class='inventory_item' and .//div[@class='inventory_item_name ' and contains(text(),'Backpack')]]//button at state stable</msg>
<arg>selector=${locator}</arg>
<arg>state=${state}</arg>
<arg>timeout=${GLOBAL_WAIT}</arg>
<tag>PageContent</tag>
<tag>Wait</tag>
<doc>Waits for the element found by ``selector`` to satisfy state option.</doc>
<status status="PASS" start="2025-10-13T11:13:00.185702" elapsed="0.017627"/>
</kw>
<kw name="Click" owner="Browser">
<msg time="2025-10-13T11:13:00.203825" level="INFO">Clicks the element '//div[@class='inventory_item' and .//div[@class='inventory_item_name ' and contains(text(),'Backpack')]]//button'.</msg>
<arg>selector=${locator}</arg>
<tag>PageContent</tag>
<tag>Setter</tag>
<doc>Simulates mouse click on the element found by ``selector``.</doc>
<status status="PASS" start="2025-10-13T11:13:00.203457" elapsed="0.035697"/>
</kw>
<arg>${item_box}${PRODUCT_ITEMS['add']}</arg>
<doc>A common keyword use to wait for the element
to be visible, then click.</doc>
<status status="PASS" start="2025-10-13T11:13:00.185243" elapsed="0.054034"/>
</kw>
<kw name="Get Text" owner="Browser">
<msg time="2025-10-13T11:13:00.243715" level="INFO">Text: 'Sauce Labs Backpack'</msg>
<msg time="2025-10-13T11:13:00.243847" level="INFO">${name} = Sauce Labs Backpack</msg>
<var>${name}</var>
<arg>${item_box}${PRODUCT_ITEMS['name']}</arg>
<tag>Assertion</tag>
<tag>Getter</tag>
<tag>PageContent</tag>
<doc>Returns text attribute of the element found by ``selector``.</doc>
<status status="PASS" start="2025-10-13T11:13:00.239391" elapsed="0.004497"/>
</kw>
<for flavor="IN ENUMERATE">
<iter>
<if>
<branch type="IF" condition="&quot;${i['name']}&quot; == &quot;${name}&quot;">
<kw name="Set Variable" owner="BuiltIn">
<var>${INDEX_TO_REMOVE}</var>
<arg>${index}</arg>
<doc>Returns the given values which can then be assigned to a variables.</doc>
<status status="NOT RUN" start="2025-10-13T11:13:00.244830" elapsed="0.000070"/>
</kw>
<kw name="Exit For Loop" owner="BuiltIn">
<doc>Stops executing the enclosing FOR loop.</doc>
<status status="NOT RUN" start="2025-10-13T11:13:00.245002" elapsed="0.000054"/>
</kw>
<status status="NOT RUN" start="2025-10-13T11:13:00.244408" elapsed="0.000688"/>
</branch>
<status status="PASS" start="2025-10-13T11:13:00.244387" elapsed="0.000742"/>
</if>
<var name="${index}">0</var>
<var name="${i}">{'name': 'Sauce Labs Bike Light', 'desc': "A red light isn't the desired state in testing but it sure helps when riding your bike at night. Water-resistant with 3 lighting modes, 1 AAA battery include...</var>
<status status="PASS" start="2025-10-13T11:13:00.244305" elapsed="0.000839"/>
</iter>
<iter>
<if>
<branch type="IF" condition="&quot;${i['name']}&quot; == &quot;${name}&quot;">
<kw name="Set Variable" owner="BuiltIn">
<msg time="2025-10-13T11:13:00.245744" level="INFO">${INDEX_TO_REMOVE} = 1</msg>
<var>${INDEX_TO_REMOVE}</var>
<arg>${index}</arg>
<doc>Returns the given values which can then be assigned to a variables.</doc>
<status status="PASS" start="2025-10-13T11:13:00.245610" elapsed="0.000175"/>
</kw>
<kw name="Exit For Loop" owner="BuiltIn">
<msg time="2025-10-13T11:13:00.245966" level="INFO">Exiting for loop altogether.</msg>
<doc>Stops executing the enclosing FOR loop.</doc>
<status status="PASS" start="2025-10-13T11:13:00.245870" elapsed="0.000165"/>
</kw>
<status status="PASS" start="2025-10-13T11:13:00.245299" elapsed="0.000783"/>
</branch>
<status status="PASS" start="2025-10-13T11:13:00.245289" elapsed="0.000822"/>
</if>
<var name="${index}">1</var>
<var name="${i}">{'name': 'Sauce Labs Backpack', 'desc': 'carry.allTheThings() with the sleek, streamlined Sly Pack that melds uncompromising style with unequaled laptop and tablet protection.', 'price': '$29.99'}</var>
<status status="PASS" start="2025-10-13T11:13:00.245238" elapsed="0.000887"/>
</iter>
<var>${index}</var>
<var>${i}</var>
<value>@{PRODUCT_LIST}</value>
<status status="PASS" start="2025-10-13T11:13:00.243988" elapsed="0.002171"/>
</for>
<if>
<branch type="IF" condition="${INDEX_TO_REMOVE} &gt;= 0">
<kw name="Remove From List" owner="Collections">
<arg>${PRODUCT_LIST}</arg>
<arg>${INDEX_TO_REMOVE}</arg>
<doc>Removes and returns the value specified with an ``index`` from ``list``.</doc>
<status status="PASS" start="2025-10-13T11:13:00.246333" elapsed="0.000130"/>
</kw>
<status status="PASS" start="2025-10-13T11:13:00.246211" elapsed="0.000300"/>
</branch>
<branch type="ELSE">
<kw name="Log" owner="BuiltIn">
<arg>Product ${i['name']} not found. Can't delete.</arg>
<doc>Logs the given message with the given level.</doc>
<status status="NOT RUN" start="2025-10-13T11:13:00.246624" elapsed="0.000057"/>
</kw>
<status status="NOT RUN" start="2025-10-13T11:13:00.246538" elapsed="0.000186"/>
</branch>
<status status="PASS" start="2025-10-13T11:13:00.246202" elapsed="0.000545"/>
</if>
<var name="${item}">Backpack</var>
<status status="PASS" start="2025-10-13T11:13:00.184254" elapsed="0.062506"/>
</iter>
<iter>
<kw name="Set Variable" owner="BuiltIn">
<msg time="2025-10-13T11:13:00.247187" level="INFO">${INDEX_TO_REMOVE} = -1</msg>
<var>${INDEX_TO_REMOVE}</var>
<arg>${-1}</arg>
<doc>Returns the given values which can then be assigned to a variables.</doc>
<status status="PASS" start="2025-10-13T11:13:00.246947" elapsed="0.000277"/>
</kw>
<kw name="Replace String" owner="String">
<msg time="2025-10-13T11:13:00.247597" level="INFO">${item_box} = //div[@class='inventory_item' and .//div[@class='inventory_item_name ' and contains(text(),'Fleece Jacket')]]</msg>
<var>${item_box}</var>
<arg>${PRODUCT_ITEMS['box']}</arg>
<arg>{{item_name}}</arg>
<arg>${item}</arg>
<doc>Replaces ``search_for`` in the given ``string`` with ``replace_with``.</doc>
<status status="PASS" start="2025-10-13T11:13:00.247309" elapsed="0.000325"/>
</kw>
<kw name="Wait For Element Then Click" owner="common_keywords">
<kw name="Wait For Elements State" owner="Browser">
<msg time="2025-10-13T11:13:00.269949" level="INFO">Waited for Element with selector //div[@class='inventory_item' and .//div[@class='inventory_item_name ' and contains(text(),'Fleece Jacket')]]//button at state stable</msg>
<arg>selector=${locator}</arg>
<arg>state=${state}</arg>
<arg>timeout=${GLOBAL_WAIT}</arg>
<tag>PageContent</tag>
<tag>Wait</tag>
<doc>Waits for the element found by ``selector`` to satisfy state option.</doc>
<status status="PASS" start="2025-10-13T11:13:00.248093" elapsed="0.022046"/>
</kw>
<kw name="Click" owner="Browser">
<msg time="2025-10-13T11:13:00.270790" level="INFO">Clicks the element '//div[@class='inventory_item' and .//div[@class='inventory_item_name ' and contains(text(),'Fleece Jacket')]]//button'.</msg>
<arg>selector=${locator}</arg>
<tag>PageContent</tag>
<tag>Setter</tag>
<doc>Simulates mouse click on the element found by ``selector``.</doc>
<status status="PASS" start="2025-10-13T11:13:00.270306" elapsed="0.035576"/>
</kw>
<arg>${item_box}${PRODUCT_ITEMS['add']}</arg>
<doc>A common keyword use to wait for the element
to be visible, then click.</doc>
<status status="PASS" start="2025-10-13T11:13:00.247743" elapsed="0.058297"/>
</kw>
<kw name="Get Text" owner="Browser">
<msg time="2025-10-13T11:13:00.310853" level="INFO">Text: 'Sauce Labs Fleece Jacket'</msg>
<msg time="2025-10-13T11:13:00.310982" level="INFO">${name} = Sauce Labs Fleece Jacket</msg>
<var>${name}</var>
<arg>${item_box}${PRODUCT_ITEMS['name']}</arg>
<tag>Assertion</tag>
<tag>Getter</tag>
<tag>PageContent</tag>
<doc>Returns text attribute of the element found by ``selector``.</doc>
<status status="PASS" start="2025-10-13T11:13:00.306180" elapsed="0.004845"/>
</kw>
<for flavor="IN ENUMERATE">
<iter>
<if>
<branch type="IF" condition="&quot;${i['name']}&quot; == &quot;${name}&quot;">
<kw name="Set Variable" owner="BuiltIn">
<var>${INDEX_TO_REMOVE}</var>
<arg>${index}</arg>
<doc>Returns the given values which can then be assigned to a variables.</doc>
<status status="NOT RUN" start="2025-10-13T11:13:00.312042" elapsed="0.000084"/>
</kw>
<kw name="Exit For Loop" owner="BuiltIn">
<doc>Stops executing the enclosing FOR loop.</doc>
<status status="NOT RUN" start="2025-10-13T11:13:00.312291" elapsed="0.000071"/>
</kw>
<status status="NOT RUN" start="2025-10-13T11:13:00.311584" elapsed="0.000828"/>
</branch>
<status status="PASS" start="2025-10-13T11:13:00.311565" elapsed="0.000886"/>
</if>
<var name="${index}">0</var>
<var name="${i}">{'name': 'Sauce Labs Bike Light', 'desc': "A red light isn't the desired state in testing but it sure helps when riding your bike at night. Water-resistant with 3 lighting modes, 1 AAA battery include...</var>
<status status="PASS" start="2025-10-13T11:13:00.311474" elapsed="0.000995"/>
</iter>
<iter>
<if>
<branch type="IF" condition="&quot;${i['name']}&quot; == &quot;${name}&quot;">
<kw name="Set Variable" owner="BuiltIn">
<msg time="2025-10-13T11:13:00.313171" level="INFO">${INDEX_TO_REMOVE} = 1</msg>
<var>${INDEX_TO_REMOVE}</var>
<arg>${index}</arg>
<doc>Returns the given values which can then be assigned to a variables.</doc>
<status status="PASS" start="2025-10-13T11:13:00.313019" elapsed="0.000201"/>
</kw>
<kw name="Exit For Loop" owner="BuiltIn">
<msg time="2025-10-13T11:13:00.313424" level="INFO">Exiting for loop altogether.</msg>
<doc>Stops executing the enclosing FOR loop.</doc>
<status status="PASS" start="2025-10-13T11:13:00.313313" elapsed="0.000182"/>
</kw>
<status status="PASS" start="2025-10-13T11:13:00.312656" elapsed="0.000892"/>
</branch>
<status status="PASS" start="2025-10-13T11:13:00.312644" elapsed="0.000935"/>
</if>
<var name="${index}">1</var>
<var name="${i}">{'name': 'Sauce Labs Fleece Jacket', 'desc': "It's not every day that you come across a midweight quarter-zip fleece jacket capable of handling everything from a relaxing day outdoors to a busy day at...</var>
<status status="PASS" start="2025-10-13T11:13:00.312583" elapsed="0.001014"/>
</iter>
<var>${index}</var>
<var>${i}</var>
<value>@{PRODUCT_LIST}</value>
<status status="PASS" start="2025-10-13T11:13:00.311124" elapsed="0.002511"/>
</for>
<if>
<branch type="IF" condition="${INDEX_TO_REMOVE} &gt;= 0">
<kw name="Remove From List" owner="Collections">
<arg>${PRODUCT_LIST}</arg>
<arg>${INDEX_TO_REMOVE}</arg>
<doc>Removes and returns the value specified with an ``index`` from ``list``.</doc>
<status status="PASS" start="2025-10-13T11:13:00.313832" elapsed="0.000141"/>
</kw>
<status status="PASS" start="2025-10-13T11:13:00.313695" elapsed="0.000331"/>
</branch>
<branch type="ELSE">
<kw name="Log" owner="BuiltIn">
<arg>Product ${i['name']} not found. Can't delete.</arg>
<doc>Logs the given message with the given level.</doc>
<status status="NOT RUN" start="2025-10-13T11:13:00.314148" elapsed="0.000062"/>
</kw>
<status status="NOT RUN" start="2025-10-13T11:13:00.314054" elapsed="0.000202"/>
</branch>
<status status="PASS" start="2025-10-13T11:13:00.313684" elapsed="0.000597"/>
</if>
<var name="${item}">Fleece Jacket</var>
<status status="PASS" start="2025-10-13T11:13:00.246865" elapsed="0.067430"/>
</iter>
<var>${item}</var>
<value>@{items}</value>
<status status="PASS" start="2025-10-13T11:13:00.184040" elapsed="0.130288"/>
</for>
<arg>@{product_name}</arg>
<doc>Use to remove an item or items from product list and cart.</doc>
<status status="PASS" start="2025-10-13T11:13:00.183812" elapsed="0.130567"/>
</kw>
<kw name="Log Many" owner="BuiltIn">
<msg time="2025-10-13T11:13:00.314598" level="INFO">[{'name': 'Sauce Labs Bike Light', 'desc': "A red light isn't the desired state in testing but it sure helps when riding your bike at night. Water-resistant with 3 lighting modes, 1 AAA battery included.", 'price': '$9.99'}]</msg>
<arg>${PRODUCT_LIST}</arg>
<doc>Logs the given messages as separate entries using the INFO level.</doc>
<status status="PASS" start="2025-10-13T11:13:00.314475" elapsed="0.000175"/>
</kw>
<arg>Backpack</arg>
<arg>Fleece Jacket</arg>
<status status="PASS" start="2025-10-13T11:13:00.181312" elapsed="0.133398"/>
</kw>
<kw name="ITEMS_COUNT" owner="sd_common">
<kw name="Get Length" owner="BuiltIn">
<msg time="2025-10-13T11:13:00.315311" level="INFO">Length is 1.</msg>
<msg time="2025-10-13T11:13:00.315374" level="INFO">${item_count} = 1</msg>
<var>${item_count}</var>
<arg>${PRODUCT_LIST}</arg>
<doc>Returns and logs the length of the given item as an integer.</doc>
<status status="PASS" start="2025-10-13T11:13:00.315201" elapsed="0.000207"/>
</kw>
<kw name="Log" owner="BuiltIn">
<msg time="2025-10-13T11:13:00.315605" level="INFO">1</msg>
<arg>${item_count}</arg>
<doc>Logs the given message with the given level.</doc>
<status status="PASS" start="2025-10-13T11:13:00.315493" elapsed="0.000156"/>
</kw>
<return>
<value>${item_count}</value>
<status status="PASS" start="2025-10-13T11:13:00.315704" elapsed="0.000058"/>
</return>
<doc>Use to count the items in PRODUCT_LIST.</doc>
<status status="PASS" start="2025-10-13T11:13:00.315009" elapsed="0.000818"/>
</kw>
<status status="PASS" start="2025-10-13T11:13:00.178444" elapsed="0.137545"/>
</test>
<status status="PASS" start="2025-10-13T11:12:43.715104" elapsed="16.605269"/>
</suite>
<status status="PASS" start="2025-10-13T11:12:43.713975" elapsed="16.633501"/>
</suite>
<status status="PASS" start="2025-10-13T11:12:43.704337" elapsed="16.645365"/>
</suite>
<statistics>
<total>
<stat pass="4" fail="0" skip="0">All Tests</stat>
</total>
<tag>
</tag>
<suite>
<stat name="Robot Learn" id="s1" pass="4" fail="0" skip="0">Robot Learn</stat>
<stat name="Test" id="s1-s1" pass="4" fail="0" skip="0">Robot Learn.Test</stat>
<stat name="Test" id="s1-s1-s1" pass="4" fail="0" skip="0">Robot Learn.Test.Test</stat>
</suite>
</statistics>
<errors>
</errors>
</robot>
